<?xml version="1.0" encoding="UTF-8"?>
<testng-results ignored="0" total="1" passed="1" failed="0" skipped="0">
  <reporter-output>
  </reporter-output>
  <suite started-at="2021-08-11T17:06:48 IST" name="Suite" finished-at="2021-08-11T17:08:58 IST" duration-ms="130223">
    <groups>
      <group name="cucumber">
        <method signature="TestRunner.feature(cucumber.api.testng.CucumberFeatureWrapper)[pri:0, instance:Runner.TestRunner@67c33749]" name="feature" class="Runner.TestRunner"/>
      </group> <!-- cucumber -->
    </groups>
    <test started-at="2021-08-11T17:06:48 IST" name="Test" finished-at="2021-08-11T17:08:58 IST" duration-ms="130223">
      <class name="Runner.TestRunner">
        <test-method is-config="true" signature="setUpClass()[pri:0, instance:Runner.TestRunner@67c33749]" started-at="2021-08-11T17:06:48 IST" name="setUpClass" finished-at="2021-08-11T17:06:49 IST" duration-ms="448" status="PASS">
          <reporter-output>
          </reporter-output>
        </test-method> <!-- setUpClass -->
        <test-method signature="feature(cucumber.api.testng.CucumberFeatureWrapper)[pri:0, instance:Runner.TestRunner@67c33749]" started-at="2021-08-11T17:06:49 IST" name="feature" data-provider="features" finished-at="2021-08-11T17:08:58 IST" duration-ms="129554" status="PASS">
          <params>
            <param index="0">
              <value>
                <![CDATA[Filling Issues Module With Valid Details;]]>
              </value>
            </param>
          </params>
          <reporter-output>
          </reporter-output>
        </test-method> <!-- feature -->
        <test-method is-config="true" signature="tearDownClass()[pri:0, instance:Runner.TestRunner@67c33749]" started-at="2021-08-11T17:08:58 IST" name="tearDownClass" finished-at="2021-08-11T17:08:58 IST" duration-ms="23" status="PASS">
          <reporter-output>
          </reporter-output>
        </test-method> <!-- tearDownClass -->
        <test-method is-config="true" signature="generateReport()[pri:0, instance:Runner.TestRunner@67c33749]" started-at="2021-08-11T17:08:58 IST" name="generateReport" finished-at="2021-08-11T17:09:00 IST" duration-ms="1793" status="PASS">
          <reporter-output>
          </reporter-output>
        </test-method> <!-- generateReport -->
      </class> <!-- Runner.TestRunner -->
    </test> <!-- Test -->
  </suite> <!-- Suite -->
</testng-results>
